<?xml version="1.0" encoding="UTF-8"?>
<!-- Generated by org.testng.reporters.JUnitReportReporter -->
<testsuite hostname="LAPTOP-Q5MQ97JC" failures="0" tests="1" name="TestClassPackage3.TC_01_VerifyLoginPage" time="3.971" errors="0" timestamp="2022-12-31T07:54:19 IST" skipped="0">
  <testcase classname="TestClassPackage3.TC_01_VerifyLoginPage" name="verifylogin" time="3.971"/>
  <system-out/>
</testsuite> <!-- TestClassPackage3.TC_01_VerifyLoginPage -->
